2015-11-17T21:03:25+00:00 ERR (3): 
exception 'Mage_Core_Exception' with message '{{{Invalid block type: Mage_Catalog_Block_Product_Featured}}{{Invalid block type: %s}}{{Invalid block type: %s}}{{Mage_Core}}}' in C:\xampp\htdocs\final\app\Mage.php:595
Stack trace:
#0 C:\xampp\htdocs\final\app\code\core\Mage\Core\Model\Layout.php(495): Mage::throwException('{{{Invalid bloc...')
#1 C:\xampp\htdocs\final\app\code\core\Mage\Core\Model\Layout.php(437): Mage_Core_Model_Layout->_getBlockInstance('catalog/product...', Array)
#2 C:\xampp\htdocs\final\app\code\core\Mage\Core\Model\Email\Template\Filter.php(169): Mage_Core_Model_Layout->createBlock('catalog/product...', NULL, Array)
#3 [internal function]: Mage_Core_Model_Email_Template_Filter->blockDirective(Array)
#4 C:\xampp\htdocs\final\lib\Varien\Filter\Template.php(163): call_user_func(Array, Array)
#5 C:\xampp\htdocs\final\app\code\core\Mage\Core\Model\Email\Template\Filter.php(548): Varien_Filter_Template->filter('{{block type="c...')
#6 C:\xampp\htdocs\final\app\code\core\Mage\Cms\Block\Page.php(101): Mage_Core_Model_Email_Template_Filter->filter('{{block type="c...')
#7 C:\xampp\htdocs\final\app\code\core\Mage\Core\Block\Abstract.php(919): Mage_Cms_Block_Page->_toHtml()
#8 C:\xampp\htdocs\final\app\code\core\Mage\Core\Block\Abstract.php(637): Mage_Core_Block_Abstract->toHtml()
#9 C:\xampp\htdocs\final\app\code\core\Mage\Core\Block\Abstract.php(577): Mage_Core_Block_Abstract->_getChildHtml('cms_page', true)
#10 C:\xampp\htdocs\final\app\code\core\Mage\Page\Block\Html\Wrapper.php(52): Mage_Core_Block_Abstract->getChildHtml('', true, true)
#11 C:\xampp\htdocs\final\app\code\core\Mage\Core\Block\Abstract.php(919): Mage_Page_Block_Html_Wrapper->_toHtml()
#12 C:\xampp\htdocs\final\app\code\core\Mage\Core\Block\Text\List.php(43): Mage_Core_Block_Abstract->toHtml()
#13 C:\xampp\htdocs\final\app\code\core\Mage\Core\Block\Abstract.php(919): Mage_Core_Block_Text_List->_toHtml()
#14 C:\xampp\htdocs\final\app\code\core\Mage\Core\Block\Abstract.php(637): Mage_Core_Block_Abstract->toHtml()
#15 C:\xampp\htdocs\final\app\code\core\Mage\Core\Block\Abstract.php(581): Mage_Core_Block_Abstract->_getChildHtml('content', true)
#16 C:\xampp\htdocs\final\app\design\frontend\base\default\template\page\2columns-left.phtml(48): Mage_Core_Block_Abstract->getChildHtml('content')
#17 C:\xampp\htdocs\final\app\code\core\Mage\Core\Block\Template.php(241): include('C:\\xampp\\htdocs...')
#18 C:\xampp\htdocs\final\app\code\core\Mage\Core\Block\Template.php(272): Mage_Core_Block_Template->fetchView('frontend\\base\\d...')
#19 C:\xampp\htdocs\final\app\code\core\Mage\Core\Block\Template.php(286): Mage_Core_Block_Template->renderView()
#20 C:\xampp\htdocs\final\app\code\core\Mage\Core\Block\Abstract.php(919): Mage_Core_Block_Template->_toHtml()
#21 C:\xampp\htdocs\final\app\code\core\Mage\Core\Model\Layout.php(555): Mage_Core_Block_Abstract->toHtml()
#22 C:\xampp\htdocs\final\app\code\core\Mage\Core\Controller\Varien\Action.php(390): Mage_Core_Model_Layout->getOutput()
#23 C:\xampp\htdocs\final\app\code\core\Mage\Cms\Helper\Page.php(137): Mage_Core_Controller_Varien_Action->renderLayout()
#24 C:\xampp\htdocs\final\app\code\core\Mage\Cms\Helper\Page.php(52): Mage_Cms_Helper_Page->_renderPage(Object(Mage_Cms_IndexController), 'home')
#25 C:\xampp\htdocs\final\app\code\core\Mage\Cms\controllers\IndexController.php(45): Mage_Cms_Helper_Page->renderPage(Object(Mage_Cms_IndexController), 'home')
#26 C:\xampp\htdocs\final\app\code\core\Mage\Core\Controller\Varien\Action.php(418): Mage_Cms_IndexController->indexAction()
#27 C:\xampp\htdocs\final\app\code\core\Mage\Core\Controller\Varien\Router\Standard.php(254): Mage_Core_Controller_Varien_Action->dispatch('index')
#28 C:\xampp\htdocs\final\app\code\core\Mage\Core\Controller\Varien\Front.php(172): Mage_Core_Controller_Varien_Router_Standard->match(Object(Mage_Core_Controller_Request_Http))
#29 C:\xampp\htdocs\final\app\code\core\Mage\Core\Model\App.php(365): Mage_Core_Controller_Varien_Front->dispatch()
#30 C:\xampp\htdocs\final\app\Mage.php(684): Mage_Core_Model_App->run(Array)
#31 C:\xampp\htdocs\final\index.php(83): Mage::run('', 'store')
#32 {main}
2015-11-17T21:11:08+00:00 ERR (3): 
exception 'Mage_Core_Exception' with message '{{{Invalid block type: Mage_Catalog_Block_Product_Featured}}{{Invalid block type: %s}}{{Invalid block type: %s}}{{Mage_Core}}}' in C:\xampp\htdocs\final\app\Mage.php:595
Stack trace:
#0 C:\xampp\htdocs\final\app\code\core\Mage\Core\Model\Layout.php(495): Mage::throwException('{{{Invalid bloc...')
#1 C:\xampp\htdocs\final\app\code\core\Mage\Core\Model\Layout.php(437): Mage_Core_Model_Layout->_getBlockInstance('catalog/product...', Array)
#2 C:\xampp\htdocs\final\app\code\core\Mage\Core\Model\Email\Template\Filter.php(169): Mage_Core_Model_Layout->createBlock('catalog/product...', NULL, Array)
#3 [internal function]: Mage_Core_Model_Email_Template_Filter->blockDirective(Array)
#4 C:\xampp\htdocs\final\lib\Varien\Filter\Template.php(163): call_user_func(Array, Array)
#5 C:\xampp\htdocs\final\app\code\core\Mage\Core\Model\Email\Template\Filter.php(548): Varien_Filter_Template->filter('{{block type="c...')
#6 C:\xampp\htdocs\final\app\code\core\Mage\Cms\Block\Page.php(101): Mage_Core_Model_Email_Template_Filter->filter('{{block type="c...')
#7 C:\xampp\htdocs\final\app\code\core\Mage\Core\Block\Abstract.php(919): Mage_Cms_Block_Page->_toHtml()
#8 C:\xampp\htdocs\final\app\code\core\Mage\Core\Block\Abstract.php(637): Mage_Core_Block_Abstract->toHtml()
#9 C:\xampp\htdocs\final\app\code\core\Mage\Core\Block\Abstract.php(577): Mage_Core_Block_Abstract->_getChildHtml('cms_page', true)
#10 C:\xampp\htdocs\final\app\code\core\Mage\Page\Block\Html\Wrapper.php(52): Mage_Core_Block_Abstract->getChildHtml('', true, true)
#11 C:\xampp\htdocs\final\app\code\core\Mage\Core\Block\Abstract.php(919): Mage_Page_Block_Html_Wrapper->_toHtml()
#12 C:\xampp\htdocs\final\app\code\core\Mage\Core\Block\Text\List.php(43): Mage_Core_Block_Abstract->toHtml()
#13 C:\xampp\htdocs\final\app\code\core\Mage\Core\Block\Abstract.php(919): Mage_Core_Block_Text_List->_toHtml()
#14 C:\xampp\htdocs\final\app\code\core\Mage\Core\Block\Abstract.php(637): Mage_Core_Block_Abstract->toHtml()
#15 C:\xampp\htdocs\final\app\code\core\Mage\Core\Block\Abstract.php(581): Mage_Core_Block_Abstract->_getChildHtml('content', true)
#16 C:\xampp\htdocs\final\app\design\frontend\base\default\template\page\2columns-left.phtml(48): Mage_Core_Block_Abstract->getChildHtml('content')
#17 C:\xampp\htdocs\final\app\code\core\Mage\Core\Block\Template.php(241): include('C:\\xampp\\htdocs...')
#18 C:\xampp\htdocs\final\app\code\core\Mage\Core\Block\Template.php(272): Mage_Core_Block_Template->fetchView('frontend\\base\\d...')
#19 C:\xampp\htdocs\final\app\code\core\Mage\Core\Block\Template.php(286): Mage_Core_Block_Template->renderView()
#20 C:\xampp\htdocs\final\app\code\core\Mage\Core\Block\Abstract.php(919): Mage_Core_Block_Template->_toHtml()
#21 C:\xampp\htdocs\final\app\code\core\Mage\Core\Model\Layout.php(555): Mage_Core_Block_Abstract->toHtml()
#22 C:\xampp\htdocs\final\app\code\core\Mage\Core\Controller\Varien\Action.php(390): Mage_Core_Model_Layout->getOutput()
#23 C:\xampp\htdocs\final\app\code\core\Mage\Cms\Helper\Page.php(137): Mage_Core_Controller_Varien_Action->renderLayout()
#24 C:\xampp\htdocs\final\app\code\core\Mage\Cms\Helper\Page.php(52): Mage_Cms_Helper_Page->_renderPage(Object(Mage_Cms_IndexController), 'home')
#25 C:\xampp\htdocs\final\app\code\core\Mage\Cms\controllers\IndexController.php(45): Mage_Cms_Helper_Page->renderPage(Object(Mage_Cms_IndexController), 'home')
#26 C:\xampp\htdocs\final\app\code\core\Mage\Core\Controller\Varien\Action.php(418): Mage_Cms_IndexController->indexAction()
#27 C:\xampp\htdocs\final\app\code\core\Mage\Core\Controller\Varien\Router\Standard.php(254): Mage_Core_Controller_Varien_Action->dispatch('index')
#28 C:\xampp\htdocs\final\app\code\core\Mage\Core\Controller\Varien\Front.php(172): Mage_Core_Controller_Varien_Router_Standard->match(Object(Mage_Core_Controller_Request_Http))
#29 C:\xampp\htdocs\final\app\code\core\Mage\Core\Model\App.php(365): Mage_Core_Controller_Varien_Front->dispatch()
#30 C:\xampp\htdocs\final\app\Mage.php(684): Mage_Core_Model_App->run(Array)
#31 C:\xampp\htdocs\final\index.php(83): Mage::run('', 'store')
#32 {main}
2015-11-18T06:49:45+00:00 ERR (3): 
exception 'Mage_Core_Exception' with message '{{{Invalid block type: Mage_Catalog_Block_Product_Featured}}{{Invalid block type: %s}}{{Invalid block type: %s}}{{Mage_Core}}}' in C:\xampp\htdocs\final\app\Mage.php:595
Stack trace:
#0 C:\xampp\htdocs\final\app\code\core\Mage\Core\Model\Layout.php(495): Mage::throwException('{{{Invalid bloc...')
#1 C:\xampp\htdocs\final\app\code\core\Mage\Core\Model\Layout.php(437): Mage_Core_Model_Layout->_getBlockInstance('catalog/product...', Array)
#2 C:\xampp\htdocs\final\app\code\core\Mage\Core\Model\Email\Template\Filter.php(169): Mage_Core_Model_Layout->createBlock('catalog/product...', NULL, Array)
#3 [internal function]: Mage_Core_Model_Email_Template_Filter->blockDirective(Array)
#4 C:\xampp\htdocs\final\lib\Varien\Filter\Template.php(163): call_user_func(Array, Array)
#5 C:\xampp\htdocs\final\app\code\core\Mage\Core\Model\Email\Template\Filter.php(548): Varien_Filter_Template->filter('{{block type="c...')
#6 C:\xampp\htdocs\final\app\code\core\Mage\Cms\Block\Page.php(101): Mage_Core_Model_Email_Template_Filter->filter('{{block type="c...')
#7 C:\xampp\htdocs\final\app\code\core\Mage\Core\Block\Abstract.php(919): Mage_Cms_Block_Page->_toHtml()
#8 C:\xampp\htdocs\final\app\code\core\Mage\Core\Block\Abstract.php(637): Mage_Core_Block_Abstract->toHtml()
#9 C:\xampp\htdocs\final\app\code\core\Mage\Core\Block\Abstract.php(577): Mage_Core_Block_Abstract->_getChildHtml('cms_page', true)
#10 C:\xampp\htdocs\final\app\code\core\Mage\Page\Block\Html\Wrapper.php(52): Mage_Core_Block_Abstract->getChildHtml('', true, true)
#11 C:\xampp\htdocs\final\app\code\core\Mage\Core\Block\Abstract.php(919): Mage_Page_Block_Html_Wrapper->_toHtml()
#12 C:\xampp\htdocs\final\app\code\core\Mage\Core\Block\Text\List.php(43): Mage_Core_Block_Abstract->toHtml()
#13 C:\xampp\htdocs\final\app\code\core\Mage\Core\Block\Abstract.php(919): Mage_Core_Block_Text_List->_toHtml()
#14 C:\xampp\htdocs\final\app\code\core\Mage\Core\Block\Abstract.php(637): Mage_Core_Block_Abstract->toHtml()
#15 C:\xampp\htdocs\final\app\code\core\Mage\Core\Block\Abstract.php(581): Mage_Core_Block_Abstract->_getChildHtml('content', true)
#16 C:\xampp\htdocs\final\app\design\frontend\base\default\template\page\2columns-left.phtml(48): Mage_Core_Block_Abstract->getChildHtml('content')
#17 C:\xampp\htdocs\final\app\code\core\Mage\Core\Block\Template.php(241): include('C:\\xampp\\htdocs...')
#18 C:\xampp\htdocs\final\app\code\core\Mage\Core\Block\Template.php(272): Mage_Core_Block_Template->fetchView('frontend\\base\\d...')
#19 C:\xampp\htdocs\final\app\code\core\Mage\Core\Block\Template.php(286): Mage_Core_Block_Template->renderView()
#20 C:\xampp\htdocs\final\app\code\core\Mage\Core\Block\Abstract.php(919): Mage_Core_Block_Template->_toHtml()
#21 C:\xampp\htdocs\final\app\code\core\Mage\Core\Model\Layout.php(555): Mage_Core_Block_Abstract->toHtml()
#22 C:\xampp\htdocs\final\app\code\core\Mage\Core\Controller\Varien\Action.php(390): Mage_Core_Model_Layout->getOutput()
#23 C:\xampp\htdocs\final\app\code\core\Mage\Cms\Helper\Page.php(137): Mage_Core_Controller_Varien_Action->renderLayout()
#24 C:\xampp\htdocs\final\app\code\core\Mage\Cms\Helper\Page.php(52): Mage_Cms_Helper_Page->_renderPage(Object(Mage_Cms_IndexController), 'home')
#25 C:\xampp\htdocs\final\app\code\core\Mage\Cms\controllers\IndexController.php(45): Mage_Cms_Helper_Page->renderPage(Object(Mage_Cms_IndexController), 'home')
#26 C:\xampp\htdocs\final\app\code\core\Mage\Core\Controller\Varien\Action.php(418): Mage_Cms_IndexController->indexAction()
#27 C:\xampp\htdocs\final\app\code\core\Mage\Core\Controller\Varien\Router\Standard.php(254): Mage_Core_Controller_Varien_Action->dispatch('index')
#28 C:\xampp\htdocs\final\app\code\core\Mage\Core\Controller\Varien\Front.php(172): Mage_Core_Controller_Varien_Router_Standard->match(Object(Mage_Core_Controller_Request_Http))
#29 C:\xampp\htdocs\final\app\code\core\Mage\Core\Model\App.php(365): Mage_Core_Controller_Varien_Front->dispatch()
#30 C:\xampp\htdocs\final\app\Mage.php(684): Mage_Core_Model_App->run(Array)
#31 C:\xampp\htdocs\final\index.php(83): Mage::run('', 'store')
#32 {main}
2015-11-18T08:44:16+00:00 ERR (3): 
exception 'Mage_Core_Exception' with message '{{{Invalid block type: Mage_Catalog_Block_Product_Featured}}{{Invalid block type: %s}}{{Invalid block type: %s}}{{Mage_Core}}}' in C:\xampp\htdocs\final\app\Mage.php:595
Stack trace:
#0 C:\xampp\htdocs\final\app\code\core\Mage\Core\Model\Layout.php(495): Mage::throwException('{{{Invalid bloc...')
#1 C:\xampp\htdocs\final\app\code\core\Mage\Core\Model\Layout.php(437): Mage_Core_Model_Layout->_getBlockInstance('catalog/product...', Array)
#2 C:\xampp\htdocs\final\app\code\core\Mage\Core\Model\Email\Template\Filter.php(169): Mage_Core_Model_Layout->createBlock('catalog/product...', NULL, Array)
#3 [internal function]: Mage_Core_Model_Email_Template_Filter->blockDirective(Array)
#4 C:\xampp\htdocs\final\lib\Varien\Filter\Template.php(163): call_user_func(Array, Array)
#5 C:\xampp\htdocs\final\app\code\core\Mage\Core\Model\Email\Template\Filter.php(548): Varien_Filter_Template->filter('{{block type="c...')
#6 C:\xampp\htdocs\final\app\code\core\Mage\Cms\Block\Page.php(101): Mage_Core_Model_Email_Template_Filter->filter('{{block type="c...')
#7 C:\xampp\htdocs\final\app\code\core\Mage\Core\Block\Abstract.php(919): Mage_Cms_Block_Page->_toHtml()
#8 C:\xampp\htdocs\final\app\code\core\Mage\Core\Block\Abstract.php(637): Mage_Core_Block_Abstract->toHtml()
#9 C:\xampp\htdocs\final\app\code\core\Mage\Core\Block\Abstract.php(577): Mage_Core_Block_Abstract->_getChildHtml('cms_page', true)
#10 C:\xampp\htdocs\final\app\code\core\Mage\Page\Block\Html\Wrapper.php(52): Mage_Core_Block_Abstract->getChildHtml('', true, true)
#11 C:\xampp\htdocs\final\app\code\core\Mage\Core\Block\Abstract.php(919): Mage_Page_Block_Html_Wrapper->_toHtml()
#12 C:\xampp\htdocs\final\app\code\core\Mage\Core\Block\Text\List.php(43): Mage_Core_Block_Abstract->toHtml()
#13 C:\xampp\htdocs\final\app\code\core\Mage\Core\Block\Abstract.php(919): Mage_Core_Block_Text_List->_toHtml()
#14 C:\xampp\htdocs\final\app\code\core\Mage\Core\Block\Abstract.php(637): Mage_Core_Block_Abstract->toHtml()
#15 C:\xampp\htdocs\final\app\code\core\Mage\Core\Block\Abstract.php(581): Mage_Core_Block_Abstract->_getChildHtml('content', true)
#16 C:\xampp\htdocs\final\app\design\frontend\base\default\template\page\2columns-left.phtml(48): Mage_Core_Block_Abstract->getChildHtml('content')
#17 C:\xampp\htdocs\final\app\code\core\Mage\Core\Block\Template.php(241): include('C:\\xampp\\htdocs...')
#18 C:\xampp\htdocs\final\app\code\core\Mage\Core\Block\Template.php(272): Mage_Core_Block_Template->fetchView('frontend\\base\\d...')
#19 C:\xampp\htdocs\final\app\code\core\Mage\Core\Block\Template.php(286): Mage_Core_Block_Template->renderView()
#20 C:\xampp\htdocs\final\app\code\core\Mage\Core\Block\Abstract.php(919): Mage_Core_Block_Template->_toHtml()
#21 C:\xampp\htdocs\final\app\code\core\Mage\Core\Model\Layout.php(555): Mage_Core_Block_Abstract->toHtml()
#22 C:\xampp\htdocs\final\app\code\core\Mage\Core\Controller\Varien\Action.php(390): Mage_Core_Model_Layout->getOutput()
#23 C:\xampp\htdocs\final\app\code\core\Mage\Cms\Helper\Page.php(137): Mage_Core_Controller_Varien_Action->renderLayout()
#24 C:\xampp\htdocs\final\app\code\core\Mage\Cms\Helper\Page.php(52): Mage_Cms_Helper_Page->_renderPage(Object(Mage_Cms_IndexController), 'home')
#25 C:\xampp\htdocs\final\app\code\core\Mage\Cms\controllers\IndexController.php(45): Mage_Cms_Helper_Page->renderPage(Object(Mage_Cms_IndexController), 'home')
#26 C:\xampp\htdocs\final\app\code\core\Mage\Core\Controller\Varien\Action.php(418): Mage_Cms_IndexController->indexAction()
#27 C:\xampp\htdocs\final\app\code\core\Mage\Core\Controller\Varien\Router\Standard.php(254): Mage_Core_Controller_Varien_Action->dispatch('index')
#28 C:\xampp\htdocs\final\app\code\core\Mage\Core\Controller\Varien\Front.php(172): Mage_Core_Controller_Varien_Router_Standard->match(Object(Mage_Core_Controller_Request_Http))
#29 C:\xampp\htdocs\final\app\code\core\Mage\Core\Model\App.php(365): Mage_Core_Controller_Varien_Front->dispatch()
#30 C:\xampp\htdocs\final\app\Mage.php(684): Mage_Core_Model_App->run(Array)
#31 C:\xampp\htdocs\final\index.php(83): Mage::run('', 'store')
#32 {main}
2015-12-06T21:28:56+00:00 ERR (3): 
exception 'Mage_Core_Exception' with message '{{{Invalid block type: Mage_Catalog_Block_Product_Featured}}{{Invalid block type: %s}}{{Invalid block type: %s}}{{Mage_Core}}}' in C:\xampp\htdocs\final\app\Mage.php:595
Stack trace:
#0 C:\xampp\htdocs\final\app\code\core\Mage\Core\Model\Layout.php(495): Mage::throwException('{{{Invalid bloc...')
#1 C:\xampp\htdocs\final\app\code\core\Mage\Core\Model\Layout.php(437): Mage_Core_Model_Layout->_getBlockInstance('catalog/product...', Array)
#2 C:\xampp\htdocs\final\app\code\core\Mage\Core\Model\Email\Template\Filter.php(169): Mage_Core_Model_Layout->createBlock('catalog/product...', NULL, Array)
#3 [internal function]: Mage_Core_Model_Email_Template_Filter->blockDirective(Array)
#4 C:\xampp\htdocs\final\lib\Varien\Filter\Template.php(163): call_user_func(Array, Array)
#5 C:\xampp\htdocs\final\app\code\core\Mage\Core\Model\Email\Template\Filter.php(548): Varien_Filter_Template->filter('{{block type="c...')
#6 C:\xampp\htdocs\final\app\code\core\Mage\Cms\Block\Page.php(101): Mage_Core_Model_Email_Template_Filter->filter('{{block type="c...')
#7 C:\xampp\htdocs\final\app\code\core\Mage\Core\Block\Abstract.php(919): Mage_Cms_Block_Page->_toHtml()
#8 C:\xampp\htdocs\final\app\code\core\Mage\Core\Block\Abstract.php(637): Mage_Core_Block_Abstract->toHtml()
#9 C:\xampp\htdocs\final\app\code\core\Mage\Core\Block\Abstract.php(577): Mage_Core_Block_Abstract->_getChildHtml('cms_page', true)
#10 C:\xampp\htdocs\final\app\code\core\Mage\Page\Block\Html\Wrapper.php(52): Mage_Core_Block_Abstract->getChildHtml('', true, true)
#11 C:\xampp\htdocs\final\app\code\core\Mage\Core\Block\Abstract.php(919): Mage_Page_Block_Html_Wrapper->_toHtml()
#12 C:\xampp\htdocs\final\app\code\core\Mage\Core\Block\Text\List.php(43): Mage_Core_Block_Abstract->toHtml()
#13 C:\xampp\htdocs\final\app\code\core\Mage\Core\Block\Abstract.php(919): Mage_Core_Block_Text_List->_toHtml()
#14 C:\xampp\htdocs\final\app\code\core\Mage\Core\Block\Abstract.php(637): Mage_Core_Block_Abstract->toHtml()
#15 C:\xampp\htdocs\final\app\code\core\Mage\Core\Block\Abstract.php(581): Mage_Core_Block_Abstract->_getChildHtml('content', true)
#16 C:\xampp\htdocs\final\app\design\frontend\base\default\template\page\2columns-left.phtml(48): Mage_Core_Block_Abstract->getChildHtml('content')
#17 C:\xampp\htdocs\final\app\code\core\Mage\Core\Block\Template.php(241): include('C:\\xampp\\htdocs...')
#18 C:\xampp\htdocs\final\app\code\core\Mage\Core\Block\Template.php(272): Mage_Core_Block_Template->fetchView('frontend\\base\\d...')
#19 C:\xampp\htdocs\final\app\code\core\Mage\Core\Block\Template.php(286): Mage_Core_Block_Template->renderView()
#20 C:\xampp\htdocs\final\app\code\core\Mage\Core\Block\Abstract.php(919): Mage_Core_Block_Template->_toHtml()
#21 C:\xampp\htdocs\final\app\code\core\Mage\Core\Model\Layout.php(555): Mage_Core_Block_Abstract->toHtml()
#22 C:\xampp\htdocs\final\app\code\core\Mage\Core\Controller\Varien\Action.php(390): Mage_Core_Model_Layout->getOutput()
#23 C:\xampp\htdocs\final\app\code\core\Mage\Cms\Helper\Page.php(137): Mage_Core_Controller_Varien_Action->renderLayout()
#24 C:\xampp\htdocs\final\app\code\core\Mage\Cms\Helper\Page.php(52): Mage_Cms_Helper_Page->_renderPage(Object(Mage_Cms_IndexController), 'home')
#25 C:\xampp\htdocs\final\app\code\core\Mage\Cms\controllers\IndexController.php(45): Mage_Cms_Helper_Page->renderPage(Object(Mage_Cms_IndexController), 'home')
#26 C:\xampp\htdocs\final\app\code\core\Mage\Core\Controller\Varien\Action.php(418): Mage_Cms_IndexController->indexAction()
#27 C:\xampp\htdocs\final\app\code\core\Mage\Core\Controller\Varien\Router\Standard.php(254): Mage_Core_Controller_Varien_Action->dispatch('index')
#28 C:\xampp\htdocs\final\app\code\core\Mage\Core\Controller\Varien\Front.php(172): Mage_Core_Controller_Varien_Router_Standard->match(Object(Mage_Core_Controller_Request_Http))
#29 C:\xampp\htdocs\final\app\code\core\Mage\Core\Model\App.php(365): Mage_Core_Controller_Varien_Front->dispatch()
#30 C:\xampp\htdocs\final\app\Mage.php(684): Mage_Core_Model_App->run(Array)
#31 C:\xampp\htdocs\final\index.php(83): Mage::run('', 'store')
#32 {main}
